  main.cpp
S:\Visual Studio Projects\Tony_Final_HW\main.cpp(74,150): warning C4244: '=': conversion from '__int64' to 'DWORD', possible loss of data
S:\Visual Studio Projects\Tony_Final_HW\main.cpp(116,65): warning C4554: '>>': check operator precedence for possible error; use parentheses to clarify precedence
S:\Visual Studio Projects\Tony_Final_HW\main.cpp(116,91): warning C4554: '>>': check operator precedence for possible error; use parentheses to clarify precedence
S:\Visual Studio Projects\Tony_Final_HW\main.cpp(116,118): warning C4554: '>>': check operator precedence for possible error; use parentheses to clarify precedence
S:\Visual Studio Projects\Tony_Final_HW\main.cpp(116,144): warning C4554: '>>': check operator precedence for possible error; use parentheses to clarify precedence
S:\Visual Studio Projects\Tony_Final_HW\main.cpp(116,171): warning C4554: '>>': check operator precedence for possible error; use parentheses to clarify precedence
S:\Visual Studio Projects\Tony_Final_HW\main.cpp(116,197): warning C4554: '>>': check operator precedence for possible error; use parentheses to clarify precedence
S:\Visual Studio Projects\Tony_Final_HW\main.cpp(204,61): warning C4244: '=': conversion from '__int64' to 'DWORD', possible loss of data
S:\Visual Studio Projects\Tony_Final_HW\main.cpp(225,85): warning C4244: '=': conversion from '_Ty1' to '__int64', possible loss of data
          with
          [
              _Ty1=long double
          ]
S:\Visual Studio Projects\Tony_Final_HW\main.cpp(225,160): warning C4244: '=': conversion from '_Ty1' to '__int64', possible loss of data
          with
          [
              _Ty1=long double
          ]
S:\Visual Studio Projects\Tony_Final_HW\main.cpp(225,237): warning C4244: '=': conversion from '_Ty2' to '__int64', possible loss of data
          with
          [
              _Ty2=long double
          ]
S:\Visual Studio Projects\Tony_Final_HW\main.cpp(225,313): warning C4244: '=': conversion from '_Ty2' to '__int64', possible loss of data
          with
          [
              _Ty2=long double
          ]
S:\Visual Studio Projects\Tony_Final_HW\main.cpp(256,460): warning C4244: 'argument': conversion from '_Ty2' to 'long double', possible loss of data
          with
          [
              _Ty2=__int64
          ]
S:\Visual Studio Projects\Tony_Final_HW\main.cpp(308,27): warning C4244: 'argument': conversion from '__int64' to 'int', possible loss of data
S:\Visual Studio Projects\Tony_Final_HW\main.cpp(308,15): warning C4244: 'argument': conversion from '__int64' to 'int', possible loss of data
S:\Visual Studio Projects\Tony_Final_HW\main.cpp(313,49): warning C4244: '=': conversion from '__int64' to 'DWORD', possible loss of data
S:\Tony_Software\Microsoft Visual Studio\2022\Community\VC\Tools\MSVC\14.32.31326\include\utility(247,16): warning C4244: 'initializing': conversion from '_Ty' to '_Ty1', possible loss of data
          with
          [
              _Ty=long double
          ]
          and
          [
              _Ty1=__int64
          ]
S:\Visual Studio Projects\Tony_Final_HW\main.cpp(201): message : see reference to function template instantiation 'std::pair<__int64,__int64>::pair<long double,long double,0>(std::pair<long double,long double> &&) noexcept' being compiled
S:\Visual Studio Projects\Tony_Final_HW\main.cpp(201): message : see reference to function template instantiation 'std::pair<__int64,__int64>::pair<long double,long double,0>(std::pair<long double,long double> &&) noexcept' being compiled
S:\Tony_Software\Microsoft Visual Studio\2022\Community\VC\Tools\MSVC\14.32.31326\include\utility(247,61): warning C4244: 'initializing': conversion from '_Ty' to '_Ty2', possible loss of data
          with
          [
              _Ty=long double
          ]
          and
          [
              _Ty2=__int64
          ]
S:\Tony_Software\Microsoft Visual Studio\2022\Community\VC\Tools\MSVC\14.32.31326\include\utility(220,16): warning C4244: 'initializing': conversion from 'const _Ty1' to '_Ty1', possible loss of data
          with
          [
              _Ty1=long double
          ]
          and
          [
              _Ty1=__int64
          ]
S:\Visual Studio Projects\Tony_Final_HW\main.cpp(232): message : see reference to function template instantiation 'std::pair<__int64,__int64>::pair<long double,long double,0>(const std::pair<long double,long double> &) noexcept' being compiled
S:\Visual Studio Projects\Tony_Final_HW\main.cpp(232): message : see reference to function template instantiation 'std::pair<__int64,__int64>::pair<long double,long double,0>(const std::pair<long double,long double> &) noexcept' being compiled
S:\Tony_Software\Microsoft Visual Studio\2022\Community\VC\Tools\MSVC\14.32.31326\include\utility(220,38): warning C4244: 'initializing': conversion from 'const _Ty2' to '_Ty2', possible loss of data
          with
          [
              _Ty2=long double
          ]
          and
          [
              _Ty2=__int64
          ]
S:\Tony_Software\Microsoft Visual Studio\2022\Community\VC\Tools\MSVC\14.32.31326\include\utility(220,16): warning C4244: 'initializing': conversion from 'const _Ty1' to '_Ty1', possible loss of data
          with
          [
              _Ty1=__int64
          ]
          and
          [
              _Ty1=long double
          ]
S:\Visual Studio Projects\Tony_Final_HW\main.cpp(222): message : see reference to function template instantiation 'std::pair<long double,long double>::pair<__int64,__int64,0>(const std::pair<__int64,__int64> &) noexcept' being compiled
S:\Visual Studio Projects\Tony_Final_HW\main.cpp(222): message : see reference to function template instantiation 'std::pair<long double,long double>::pair<__int64,__int64,0>(const std::pair<__int64,__int64> &) noexcept' being compiled
S:\Tony_Software\Microsoft Visual Studio\2022\Community\VC\Tools\MSVC\14.32.31326\include\utility(220,38): warning C4244: 'initializing': conversion from 'const _Ty2' to '_Ty2', possible loss of data
          with
          [
              _Ty2=__int64
          ]
          and
          [
              _Ty2=long double
          ]
S:\Tony_Software\Microsoft Visual Studio\2022\Community\VC\Tools\MSVC\14.32.31326\include\utility(190,16): warning C4244: 'initializing': conversion from '_Ty' to '_Ty1', possible loss of data
          with
          [
              _Ty=long double
          ]
          and
          [
              _Ty1=__int64
          ]
S:\Visual Studio Projects\Tony_Final_HW\main.cpp(394): message : see reference to function template instantiation 'std::pair<__int64,__int64>::pair<long double,long double,0>(_Other1 &&,_Other2 &&) noexcept' being compiled
          with
          [
              _Other1=long double,
              _Other2=long double
          ]
S:\Visual Studio Projects\Tony_Final_HW\main.cpp(394): message : see reference to function template instantiation 'std::pair<__int64,__int64>::pair<long double,long double,0>(_Other1 &&,_Other2 &&) noexcept' being compiled
          with
          [
              _Other1=long double,
              _Other2=long double
          ]
S:\Tony_Software\Microsoft Visual Studio\2022\Community\VC\Tools\MSVC\14.32.31326\include\utility(190,54): warning C4244: 'initializing': conversion from '_Ty' to '_Ty2', possible loss of data
          with
          [
              _Ty=long double
          ]
          and
          [
              _Ty2=__int64
          ]
  Generating code
  12 of 277 functions ( 4.3%) were compiled, the rest were copied from previous compilation.
    0 functions were new in current compilation
    0 functions had inline decision re-evaluated but remain unchanged
  Finished generating code
  Tony_Final_HW.vcxproj -> S:\Visual Studio Projects\Tony_Final_HW\x64\Release\Tony_Final_HW.exe
